#
# There is insufficient memory for the Java Runtime Environment to continue.
# Native memory allocation (mmap) failed to map 268435456 bytes for G1 virtual space
# Possible reasons:
#   The system is out of physical RAM or swap space
#   The process is running with CompressedOops enabled, and the Java Heap may be blocking the growth of the native heap
# Possible solutions:
#   Reduce memory load on the system
#   Increase physical memory or swap space
#   Check if swap backing store is full
#   Decrease Java heap size (-Xmx/-Xms)
#   Decrease number of Java threads
#   Decrease Java thread stack sizes (-Xss)
#   Set larger code cache with -XX:ReservedCodeCacheSize=
#   JVM is running with Zero Based Compressed Oops mode in which the Java heap is
#     placed in the first 32GB address space. The Java Heap base address is the
#     maximum limit for the native heap growth. Please use -XX:HeapBaseMinAddress
#     to set the Java Heap base and to place the Java Heap above 32GB virtual address.
# This output file may be truncated or incomplete.
#
#  Out of Memory Error (os_windows.cpp:3771), pid=11120, tid=6868
#
# JRE version:  (17.0.7+7) (build )
# Java VM: OpenJDK 64-Bit Server VM (17.0.7+7-b1000.6, mixed mode, sharing, tiered, compressed oops, compressed class ptrs, g1 gc, windows-amd64)
# No core dump will be written. Minidumps are not enabled by default on client versions of Windows
#

---------------  S U M M A R Y ------------

Command Line: git4idea.http.GitAskPassApp Username for 'https://github.com': 

Host: Intel(R) Core(TM) i5-7200U CPU @ 2.50GHz, 4 cores, 15G,  Windows 10 , 64 bit Build 19041 (10.0.19041.3155)
Time: Thu Aug  3 22:12:25 2023 Romance Summer Time elapsed time: 0.056065 seconds (0d 0h 0m 0s)

---------------  T H R E A D  ---------------

Current thread (0x00000215cb535790):  JavaThread "Unknown thread" [_thread_in_vm, id=6868, stack(0x0000005118300000,0x0000005118400000)]

Stack: [0x0000005118300000,0x0000005118400000]
Native frames: (J=compiled Java code, j=interpreted, Vv=VM code, C=native code)
V  [jvm.dll+0x683bfa]
V  [jvm.dll+0x8430a4]
V  [jvm.dll+0x8449be]
V  [jvm.dll+0x845023]
V  [jvm.dll+0x24ad2f]
V  [jvm.dll+0x680ac9]
V  [jvm.dll+0x67519a]
V  [jvm.dll+0x30b3cb]
V  [jvm.dll+0x312876]
V  [jvm.dll+0x36221e]
V  [jvm.dll+0x36244f]
V  [jvm.dll+0x2e14a8]
V  [jvm.dll+0x2e2414]
V  [jvm.dll+0x814391]
V  [jvm.dll+0x36ffe1]
V  [jvm.dll+0x7f396c]
V  [jvm.dll+0x3f305f]
V  [jvm.dll+0x3f4b91]
C  [jli.dll+0x528f]
C  [ucrtbase.dll+0x21bb2]
C  [KERNEL32.DLL+0x17614]
C  [ntdll.dll+0x526b1]


---------------  P R O C E S S  ---------------

Threads class SMR info:
_java_thread_list=0x00007ff94e90d098, length=0, elements={
}

Java Threads: ( => current thread )

Other Threads:
  0x00000215cb5a16e0 GCTaskThread "GC Thread#0" [stack: 0x0000005118400000,0x0000005118500000] [id=22216]
  0x00000215cb5b2460 ConcurrentGCThread "G1 Main Marker" [stack: 0x0000005118500000,0x0000005118600000] [id=19880]
  0x00000215cb5b2e70 ConcurrentGCThread "G1 Conc#0" [stack: 0x0000005118600000,0x0000005118700000] [id=4196]

[error occurred during error reporting (printing all threads), id 0xc0000005, EXCEPTION_ACCESS_VIOLATION (0xc0000005) at pc=0x00007ff94e0c2087]

VM state: not at safepoint (not fully initialized)

VM Mutex/Monitor currently owned by a thread:  ([mutex/lock_event])
[0x00000215cb531c50] Heap_lock - owner thread: 0x00000215cb535790

Heap address: 0x0000000701c00000, size: 4068 MB, Compressed Oops mode: Zero based, Oop shift amount: 3

CDS archive(s) mapped at: [0x0000000000000000-0x0000000000000000-0x0000000000000000), size 0, SharedBaseAddress: 0x0000000800000000, ArchiveRelocationMode: 0.
Narrow klass base: 0x0000000000000000, Narrow klass shift: 0, Narrow klass range: 0x0

GC Precious Log:
<Empty>

Heap:
 garbage-first heap   total 0K, used 0K [0x0000000701c00000, 0x0000000800000000)
  region size 2048K, 0 young (0K), 0 survivors (0K)
 Metaspace       used 0K, committed 0K, reserved 0K
  class space    used 0K, committed 0K, reserved 0K

Heap Regions: E=young(eden), S=young(survivor), O=old, HS=humongous(starts), HC=humongous(continues), CS=collection set, F=free, OA=open archive, CA=closed archive, TAMS=top-at-mark-start (previous, next)

Card table byte_map: [0x00000215de4b0000,0x00000215decb0000] _byte_map_base: 0x00000215daca2000

Marking Bits (Prev, Next): (CMBitMap*) 0x00000215cb5a1cf0, (CMBitMap*) 0x00000215cb5a1d30
 Prev Bits: [0x00000215df4b0000, 0x00000215e3440000)
 Next Bits: [0x00000215e3440000, 0x00000215e73d0000)

GC Heap History (0 events):
No events

Dll operation events (1 events):
Event: 0.037 Loaded shared library C:\Program Files\JetBrains\IntelliJ IDEA 2021.2.3\jbr\bin\java.dll

Deoptimization events (0 events):
No events

Classes unloaded (0 events):
No events

Classes redefined (0 events):
No events

Internal exceptions (0 events):
No events

VM Operations (0 events):
No events

Events (0 events):
No events


Dynamic libraries:
0x00007ff7f05c0000 - 0x00007ff7f05ca000 	C:\Program Files\JetBrains\IntelliJ IDEA 2021.2.3\jbr\bin\java.exe
0x00007ff9ae530000 - 0x00007ff9ae728000 	C:\Windows\SYSTEM32\ntdll.dll
0x00007ff97a4b0000 - 0x00007ff97a4c9000 	C:\Program Files\Avast Software\Avast\aswhook.dll
0x00007ff9ae020000 - 0x00007ff9ae0df000 	C:\Windows\System32\KERNEL32.DLL
0x00007ff9abfb0000 - 0x00007ff9ac2a6000 	C:\Windows\System32\KERNELBASE.dll
0x00007ff9abeb0000 - 0x00007ff9abfb0000 	C:\Windows\System32\ucrtbase.dll
0x00007ff994760000 - 0x00007ff994777000 	C:\Program Files\JetBrains\IntelliJ IDEA 2021.2.3\jbr\bin\jli.dll
0x00007ff992740000 - 0x00007ff99275b000 	C:\Program Files\JetBrains\IntelliJ IDEA 2021.2.3\jbr\bin\VCRUNTIME140.dll
0x00007ff9ad570000 - 0x00007ff9ad70d000 	C:\Windows\System32\USER32.dll
0x00007ff9ac2e0000 - 0x00007ff9ac302000 	C:\Windows\System32\win32u.dll
0x00007ff993260000 - 0x00007ff9934fa000 	C:\Windows\WinSxS\amd64_microsoft.windows.common-controls_6595b64144ccf1df_6.0.19041.1110_none_60b5254171f9507e\COMCTL32.dll
0x00007ff9ac810000 - 0x00007ff9ac83c000 	C:\Windows\System32\GDI32.dll
0x00007ff9adef0000 - 0x00007ff9adf8e000 	C:\Windows\System32\msvcrt.dll
0x00007ff9ac470000 - 0x00007ff9ac585000 	C:\Windows\System32\gdi32full.dll
0x00007ff9ac380000 - 0x00007ff9ac41d000 	C:\Windows\System32\msvcp_win.dll
0x00007ff9ac6d0000 - 0x00007ff9ac700000 	C:\Windows\System32\IMM32.DLL
0x00007ff9a6dd0000 - 0x00007ff9a6ddc000 	C:\Program Files\JetBrains\IntelliJ IDEA 2021.2.3\jbr\bin\vcruntime140_1.dll
0x00007ff964960000 - 0x00007ff9649ed000 	C:\Program Files\JetBrains\IntelliJ IDEA 2021.2.3\jbr\bin\msvcp140.dll
0x00007ff94ddd0000 - 0x00007ff94ea50000 	C:\Program Files\JetBrains\IntelliJ IDEA 2021.2.3\jbr\bin\server\jvm.dll
0x00007ff9ac760000 - 0x00007ff9ac80f000 	C:\Windows\System32\ADVAPI32.dll
0x00007ff9ac900000 - 0x00007ff9ac99c000 	C:\Windows\System32\sechost.dll
0x00007ff9ae3c0000 - 0x00007ff9ae4e6000 	C:\Windows\System32\RPCRT4.dll
0x00007ff994bf0000 - 0x00007ff994c17000 	C:\Windows\SYSTEM32\WINMM.dll
0x00007ff98b700000 - 0x00007ff98b709000 	C:\Windows\SYSTEM32\WSOCK32.dll
0x00007ff9a9020000 - 0x00007ff9a902a000 	C:\Windows\SYSTEM32\VERSION.dll
0x00007ff9ade60000 - 0x00007ff9adecb000 	C:\Windows\System32\WS2_32.dll
0x00007ff9aa450000 - 0x00007ff9aa462000 	C:\Windows\SYSTEM32\kernel.appcore.dll
0x00007ff9a8d80000 - 0x00007ff9a8d8a000 	C:\Program Files\JetBrains\IntelliJ IDEA 2021.2.3\jbr\bin\jimage.dll
0x00007ff9aa160000 - 0x00007ff9aa344000 	C:\Windows\SYSTEM32\DBGHELP.DLL
0x00007ff99bb20000 - 0x00007ff99bb54000 	C:\Windows\SYSTEM32\dbgcore.DLL
0x00007ff9abe20000 - 0x00007ff9abea2000 	C:\Windows\System32\bcryptPrimitives.dll
0x00007ff9a6da0000 - 0x00007ff9a6dc5000 	C:\Program Files\JetBrains\IntelliJ IDEA 2021.2.3\jbr\bin\java.dll

dbghelp: loaded successfully - version: 4.0.5 - missing functions: none
symbol engine: initialized successfully - sym options: 0x614 - pdb path: .;C:\Program Files\JetBrains\IntelliJ IDEA 2021.2.3\jbr\bin;C:\Windows\SYSTEM32;C:\Program Files\Avast Software\Avast;C:\Windows\WinSxS\amd64_microsoft.windows.common-controls_6595b64144ccf1df_6.0.19041.1110_none_60b5254171f9507e;C:\Program Files\JetBrains\IntelliJ IDEA 2021.2.3\jbr\bin\server

VM Arguments:
java_command: git4idea.http.GitAskPassApp Username for 'https://github.com': 
java_class_path (initial): C:/Program Files/JetBrains/IntelliJ IDEA 2021.2.3/plugins/vcs-git/lib/git4idea-rt.jar;C:/Program Files/JetBrains/IntelliJ IDEA 2021.2.3/lib/externalProcess-rt.jar
Launcher Type: SUN_STANDARD

[Global flags]
     intx CICompilerCount                          = 3                                         {product} {ergonomic}
     uint ConcGCThreads                            = 1                                         {product} {ergonomic}
     uint G1ConcRefinementThreads                  = 4                                         {product} {ergonomic}
   size_t G1HeapRegionSize                         = 2097152                                   {product} {ergonomic}
    uintx GCDrainStackTargetSize                   = 64                                        {product} {ergonomic}
   size_t InitialHeapSize                          = 268435456                                 {product} {ergonomic}
   size_t MarkStackSize                            = 4194304                                   {product} {ergonomic}
   size_t MaxHeapSize                              = 4265607168                                {product} {ergonomic}
   size_t MinHeapDeltaBytes                        = 2097152                                   {product} {ergonomic}
   size_t MinHeapSize                              = 8388608                                   {product} {ergonomic}
    uintx NonNMethodCodeHeapSize                   = 5832780                                {pd product} {ergonomic}
    uintx NonProfiledCodeHeapSize                  = 122912730                              {pd product} {ergonomic}
    uintx ProfiledCodeHeapSize                     = 122912730                              {pd product} {ergonomic}
    uintx ReservedCodeCacheSize                    = 251658240                              {pd product} {ergonomic}
     bool SegmentedCodeCache                       = true                                      {product} {ergonomic}
   size_t SoftMaxHeapSize                          = 4265607168                             {manageable} {ergonomic}
     bool UseCompressedClassPointers               = true                           {product lp64_product} {ergonomic}
     bool UseCompressedOops                        = true                           {product lp64_product} {ergonomic}
     bool UseG1GC                                  = true                                      {product} {ergonomic}
     bool UseLargePagesIndividualAllocation        = false                                  {pd product} {ergonomic}

Logging:
Log output configuration:
 #0: stdout all=warning uptime,level,tags
 #1: stderr all=off uptime,level,tags

Environment Variables:
PATH=C:\Program Files\Git\mingw64\libexec\git-core;C:\Program Files\Git\mingw64\libexec\git-core;C:\Program Files\Git\mingw64\bin;C:\Program Files\Git\usr\bin;C:\Users\Electro-Market.ma\bin;C:\app\Electro-Market.ma\product\21c\dbhomeXE\bin;C:\Program Files\Common Files\Oracle\Java\javapath;C:\Program Files (x86)\Common Files\Oracle\Java\javapath;C:\Windows\system32;C:\Windows;C:\Windows\System32\Wbem;C:\Windows\System32\WindowsPowerShell\v1.0;C:\Windows\System32\OpenSSH;C:\Python34\Scripts;C:\Users\Electro-Market.ma\AppData\Local\Programs\Python\Python310;C:\Program Files\Git\cmd;%QUARTUS_ROOTDIR%\bin;C:\Program Files\Microsoft SQL Server\150\Tools\Binn;C:\Program Files\PuTTY;C:\Program Files\MySQL\MySQL Server 8.0\bin;C:\Program Files\CMake\bin;C:\Program Files\PostgreSQL\15\bin;C:\Program Files (x86)\Common Files\Oracle\Java\javapath;C:\Windows\system32;C:\Windows;C:\Windows\System32\Wbem;C:\Windows\System32\WindowsPowerShell\v1.0;C:\Windows\System32\OpenSSH;C:\Python34\Scripts;C:\Users\Electro-Market.ma\AppData\Local\Microsoft\WindowsApps;C:\Program Files\JetBrains\PyCharm 2021.2.3\bin;C:\Python37\Scripts;C:\Users\Electro-Market.ma\AppData\Local\Programs\Python\Python310;C:\Users\Electro-Market.ma\AppData\Local\Programs\Python\Python310\Scripts;Q:\sqlite-tools-win32-x86-3390400;C:\Program Files\JetBrains\PyCharm Community Edition 2022.2.3\bin;C:\Users\Electro-Market.ma\AppData\Local\Programs\Microsoft VS Code\bin;C:\xampp\php;C:\Users\Electro-Market.ma\composer;C:\Users\Electro-Market.ma\AppData\Roaming\Composer\vendor\bin;C:\MinGW\bin
USERNAME=Electro-Market.ma
DISPLAY=:0.0
LC_ALL=en_US.UTF-8
TERM=cygwin
TMPDIR=C:\Users\ELECTR~1.MA\AppData\Local\Temp
OS=Windows_NT
PROCESSOR_IDENTIFIER=Intel64 Family 6 Model 142 Stepping 9, GenuineIntel
TMP=C:\Users\ELECTR~1.MA\AppData\Local\Temp
TEMP=C:\Users\ELECTR~1.MA\AppData\Local\Temp


JNI global refs:
JNI global refs: 0, weak refs: 0

JNI global refs memory usage: 0, weak refs: 0

OOME stack traces (most recent first):
Classloader memory used:


---------------  S Y S T E M  ---------------

OS:
 Windows 10 , 64 bit Build 19041 (10.0.19041.3155)
OS uptime: 1 days 4:52 hours

CPU: total 4 (initial active 4) (2 cores per cpu, 2 threads per core) family 6 model 142 stepping 9 microcode 0xf0, cx8, cmov, fxsr, ht, mmx, 3dnowpref, sse, sse2, sse3, ssse3, sse4.1, sse4.2, popcnt, lzcnt, tsc, tscinvbit, avx, avx2, aes, erms, clmul, bmi1, bmi2, adx, fma, vzeroupper, clflush, clflushopt

Memory: 4k page, system-wide physical 16265M (2068M free)
TotalPageFile size 16265M (AvailPageFile size 39M)
current process WorkingSet (physical memory assigned to process): 10M, peak: 10M
current process commit charge ("private bytes"): 52M, peak: 308M

vm_info: OpenJDK 64-Bit Server VM (17.0.7+7-b1000.6) for windows-amd64 JRE (17.0.7+7-b1000.6), built on 2023-07-07 by "builduser" with MS VC++ 16.10 / 16.11 (VS2019)

END.
